<?xml version="1.0" encoding="utf-8"?><testsuites name="pytest tests"><testsuite name="pytest" errors="0" failures="3" skipped="0" tests="17" time="4.405" timestamp="2026-02-18T14:21:47.724629+00:00" hostname="agent-env-3cf6e00f-d90c-4b19-b44a-7373ee318361"><testcase classname="backend.tests.test_comments_api.TestCommentsAPI" name="test_get_product_comments_threaded" time="0.184" /><testcase classname="backend.tests.test_comments_api.TestCommentsAPI" name="test_get_product_comments_flat" time="0.139" /><testcase classname="backend.tests.test_comments_api.TestCommentsAPI" name="test_get_comments_count" time="0.122" /><testcase classname="backend.tests.test_comments_api.TestCommentsAPI" name="test_create_comment_requires_auth" time="0.111"><failure message="assert 403 == 401&#10; +  where 403 = &lt;Response [403]&gt;.status_code">backend/tests/test_comments_api.py:96: in test_create_comment_requires_auth
    assert response.status_code == 401
E   assert 403 == 401
E    +  where 403 = &lt;Response [403]&gt;.status_code</failure></testcase><testcase classname="backend.tests.test_comments_api.TestCommentsAPI" name="test_create_top_level_comment" time="0.509" /><testcase classname="backend.tests.test_comments_api.TestCommentsAPI" name="test_create_reply_comment" time="0.216" /><testcase classname="backend.tests.test_comments_api.TestCommentsAPI" name="test_create_reply_invalid_parent" time="0.143" /><testcase classname="backend.tests.test_comments_api.TestCommentsAPI" name="test_react_to_comment_like" time="0.262" /><testcase classname="backend.tests.test_comments_api.TestCommentsAPI" name="test_react_to_comment_heart" time="0.285" /><testcase classname="backend.tests.test_comments_api.TestCommentsAPI" name="test_react_invalid_type" time="0.246" /><testcase classname="backend.tests.test_comments_api.TestCommentsAPI" name="test_react_to_nonexistent_comment" time="0.119" /><testcase classname="backend.tests.test_comments_api.TestCommentsAPI" name="test_react_requires_auth" time="0.299"><failure message="assert 403 == 401&#10; +  where 403 = &lt;Response [403]&gt;.status_code">backend/tests/test_comments_api.py:269: in test_react_requires_auth
    assert response.status_code == 401
E   assert 403 == 401
E    +  where 403 = &lt;Response [403]&gt;.status_code</failure></testcase><testcase classname="backend.tests.test_comments_api.TestCommentsAPI" name="test_delete_own_comment" time="0.357" /><testcase classname="backend.tests.test_comments_api.TestCommentsAPI" name="test_delete_requires_auth" time="0.260"><failure message="assert 403 == 401&#10; +  where 403 = &lt;Response [403]&gt;.status_code">backend/tests/test_comments_api.py:316: in test_delete_requires_auth
    assert response.status_code == 401
E   assert 403 == 401
E    +  where 403 = &lt;Response [403]&gt;.status_code</failure></testcase><testcase classname="backend.tests.test_comments_api.TestCommentsAPI" name="test_delete_nonexistent_comment" time="0.123" /><testcase classname="backend.tests.test_comments_api.TestCommentsAPI" name="test_threaded_structure_integrity" time="0.219" /><testcase classname="backend.tests.test_comments_api.TestCommentsCleanup" name="test_cleanup_test_comments" time="0.704" /></testsuite></testsuites>