<?xml version="1.0" encoding="utf-8"?><testsuites name="pytest tests"><testsuite name="pytest" errors="0" failures="0" skipped="0" tests="17" time="4.170" timestamp="2026-02-18T14:22:09.163085+00:00" hostname="agent-env-3cf6e00f-d90c-4b19-b44a-7373ee318361"><testcase classname="backend.tests.test_comments_api.TestCommentsAPI" name="test_get_product_comments_threaded" time="0.239" /><testcase classname="backend.tests.test_comments_api.TestCommentsAPI" name="test_get_product_comments_flat" time="0.162" /><testcase classname="backend.tests.test_comments_api.TestCommentsAPI" name="test_get_comments_count" time="0.143" /><testcase classname="backend.tests.test_comments_api.TestCommentsAPI" name="test_create_comment_requires_auth" time="0.125" /><testcase classname="backend.tests.test_comments_api.TestCommentsAPI" name="test_create_top_level_comment" time="0.552" /><testcase classname="backend.tests.test_comments_api.TestCommentsAPI" name="test_create_reply_comment" time="0.245" /><testcase classname="backend.tests.test_comments_api.TestCommentsAPI" name="test_create_reply_invalid_parent" time="0.110" /><testcase classname="backend.tests.test_comments_api.TestCommentsAPI" name="test_react_to_comment_like" time="0.232" /><testcase classname="backend.tests.test_comments_api.TestCommentsAPI" name="test_react_to_comment_heart" time="0.209" /><testcase classname="backend.tests.test_comments_api.TestCommentsAPI" name="test_react_invalid_type" time="0.253" /><testcase classname="backend.tests.test_comments_api.TestCommentsAPI" name="test_react_to_nonexistent_comment" time="0.126" /><testcase classname="backend.tests.test_comments_api.TestCommentsAPI" name="test_react_requires_auth" time="0.209" /><testcase classname="backend.tests.test_comments_api.TestCommentsAPI" name="test_delete_own_comment" time="0.352" /><testcase classname="backend.tests.test_comments_api.TestCommentsAPI" name="test_delete_requires_auth" time="0.224" /><testcase classname="backend.tests.test_comments_api.TestCommentsAPI" name="test_delete_nonexistent_comment" time="0.110" /><testcase classname="backend.tests.test_comments_api.TestCommentsAPI" name="test_threaded_structure_integrity" time="0.105" /><testcase classname="backend.tests.test_comments_api.TestCommentsCleanup" name="test_cleanup_test_comments" time="0.703" /></testsuite></testsuites>