<?xml version="1.0" encoding="utf-8"?><testsuites name="pytest tests"><testsuite name="pytest" errors="0" failures="0" skipped="0" tests="28" time="4.543" timestamp="2026-02-18T14:14:41.692701+00:00" hostname="agent-env-3cf6e00f-d90c-4b19-b44a-7373ee318361"><testcase classname="tests.test_backend_refactoring.TestHealthCheck" name="test_health_endpoint_returns_200" time="0.270" /><testcase classname="tests.test_backend_refactoring.TestHealthCheck" name="test_health_returns_version_2_0_0" time="0.149" /><testcase classname="tests.test_backend_refactoring.TestHealthCheck" name="test_health_returns_modular_architecture" time="0.151" /><testcase classname="tests.test_backend_refactoring.TestCategoriesEndpoint" name="test_get_categories_returns_200" time="0.137" /><testcase classname="tests.test_backend_refactoring.TestCategoriesEndpoint" name="test_get_categories_returns_list" time="0.115" /><testcase classname="tests.test_backend_refactoring.TestCategoriesEndpoint" name="test_get_categories_tree_format" time="0.104" /><testcase classname="tests.test_backend_refactoring.TestProductsEndpoint" name="test_get_products_returns_200" time="0.140" /><testcase classname="tests.test_backend_refactoring.TestProductsEndpoint" name="test_get_products_returns_list" time="0.155" /><testcase classname="tests.test_backend_refactoring.TestProductsEndpoint" name="test_get_products_with_filters" time="0.190" /><testcase classname="tests.test_backend_refactoring.TestProductsEndpoint" name="test_get_products_with_sort" time="0.157" /><testcase classname="tests.test_backend_refactoring.TestAuthEndpoints" name="test_login_success" time="0.390" /><testcase classname="tests.test_backend_refactoring.TestAuthEndpoints" name="test_login_invalid_credentials" time="0.108" /><testcase classname="tests.test_backend_refactoring.TestAuthEndpoints" name="test_get_me_with_valid_token" time="0.476" /><testcase classname="tests.test_backend_refactoring.TestAuthEndpoints" name="test_get_me_without_token" time="0.108" /><testcase classname="tests.test_backend_refactoring.TestPopularCategories" name="test_get_popular_categories_returns_200" time="0.107" /><testcase classname="tests.test_backend_refactoring.TestPopularCategories" name="test_get_popular_categories_returns_list" time="0.122" /><testcase classname="tests.test_backend_refactoring.TestPromotions" name="test_get_promotions_returns_200" time="0.117" /><testcase classname="tests.test_backend_refactoring.TestPromotions" name="test_get_promotions_returns_list" time="0.134" /><testcase classname="tests.test_backend_refactoring.TestCustomSections" name="test_get_custom_sections_returns_200" time="0.170" /><testcase classname="tests.test_backend_refactoring.TestCustomSections" name="test_get_custom_sections_returns_list" time="0.140" /><testcase classname="tests.test_backend_refactoring.TestFeaturedReviews" name="test_get_featured_reviews_returns_200" time="0.111" /><testcase classname="tests.test_backend_refactoring.TestFeaturedReviews" name="test_get_featured_reviews_returns_list" time="0.147" /><testcase classname="tests.test_backend_refactoring.TestSitemap" name="test_sitemap_returns_200" time="0.113" /><testcase classname="tests.test_backend_refactoring.TestSitemap" name="test_sitemap_returns_xml" time="0.134" /><testcase classname="tests.test_backend_refactoring.TestSitemap" name="test_sitemap_contains_valid_xml" time="0.133" /><testcase classname="tests.test_backend_refactoring.TestActualOffers" name="test_get_actual_offers_returns_200" time="0.129" /><testcase classname="tests.test_backend_refactoring.TestRobotsTxt" name="test_robots_txt_returns_200" time="0.154" /><testcase classname="tests.test_backend_refactoring.TestRobotsTxt" name="test_robots_txt_returns_text" time="0.104" /></testsuite></testsuites>